<!DOCTYPE html PUBLIC "-//W3C//DTD XHTML 1.1//EN" "https://www.w3.org/TR/xhtml11/DTD/xhtml11.dtd">
<html xmlns="https://www.w3.org/1999/xhtml">
<head>
<meta http-equiv="content-type" content="text/html; charset=UTF-8"/>
<title>TestNG Report</title>
<style type="text/css">table {margin-bottom:10px;border-collapse:collapse;empty-cells:show}th,td {border:1px solid #009;padding:.25em .5em}th {vertical-align:bottom}td {vertical-align:top}table a {font-weight:bold}.stripe td {background-color: #E6EBF9}.num {text-align:right}.passedodd td {background-color: #3F3}.passedeven td {background-color: #0A0}.skippedodd td {background-color: #DDD}.skippedeven td {background-color: #CCC}.failedodd td,.attn {background-color: #F33}.failedeven td,.stripe .attn {background-color: #D00}.stacktrace {white-space:pre;font-family:monospace}.totop {font-size:85%;text-align:center;border-bottom:2px solid #000}.invisible {display:none}</style>
</head>
<body>
<table>
<tr><th>Test</th><th># Passed</th><th># Skipped</th><th># Retried</th><th># Failed</th><th>Time (ms)</th><th>Included Groups</th><th>Excluded Groups</th></tr>
<tr><th colspan="8">MySuite</th></tr>
<tr><td><a href="#t0">MySuite</a></td><td class="num">8</td><td class="num attn">1</td><td class="num">0</td><td class="num attn">2</td><td class="num">13,637</td><td></td><td></td></tr>
</table>
<table id='summary'><thead><tr><th>Class</th><th>Method</th><th>Start</th><th>Time (ms)</th></tr></thead><tbody><tr><th colspan="4">MySuite</th></tr></tbody><tbody id="t0"><tr><th colspan="4">MySuite &#8212; failed</th></tr><tr class="failedeven"><td rowspan="1">com.simplilearn.testngselenium.FacebookTest</td><td><a href="#m0">login</a></td><td rowspan="1">1647533884951</td><td rowspan="1">81</td></tr><tr class="failedodd"><td rowspan="1">com.simplilearn.testngselenium.GroupTest</td><td><a href="#m1">launchFireFox</a></td><td rowspan="1">1647533886576</td><td rowspan="1">68</td></tr><tr><th colspan="4">MySuite &#8212; skipped</th></tr><tr class="skippedeven"><td rowspan="1">com.simplilearn.testngselenium.GroupTest</td><td><a href="#m2">loginWithFirefox</a></td><td rowspan="1">1647533887729</td><td rowspan="1">0</td></tr><tr><th colspan="4">MySuite &#8212; passed</th></tr><tr class="passedeven"><td rowspan="2">com.simplilearn.testngselenium.AssertionsDemo</td><td><a href="#m3">login</a></td><td rowspan="1">1647533878736</td><td rowspan="1">4640</td></tr><tr class="passedeven"><td><a href="#m4">titleTest</a></td><td rowspan="1">1647533885091</td><td rowspan="1">2726</td></tr><tr class="passedodd"><td rowspan="1">com.simplilearn.testngselenium.FacebookTest</td><td><a href="#m5">launchFb</a></td><td rowspan="1">1647533878741</td><td rowspan="1">4502</td></tr><tr class="passedeven"><td rowspan="2">com.simplilearn.testngselenium.GroupTest</td><td><a href="#m6">launchChrome</a></td><td rowspan="1">1647533874236</td><td rowspan="1">12337</td></tr><tr class="passedeven"><td><a href="#m7">login</a></td><td rowspan="1">1647533886657</td><td rowspan="1">1070</td></tr><tr class="passedodd"><td rowspan="2">com.simplilearn.testngselenium.SimpleTestNG</td><td><a href="#m8">method1</a></td><td rowspan="1">1647533874237</td><td rowspan="1">11</td></tr><tr class="passedodd"><td><a href="#m9">method2</a></td><td rowspan="1">1647533874254</td><td rowspan="1">2</td></tr><tr class="passedeven"><td rowspan="1">com.simplilearn.testngselenium.TestNG1</td><td><a href="#m10">testTrue</a></td><td rowspan="1">1647533874236</td><td rowspan="1">13</td></tr></tbody>
</table>
<h2>MySuite</h2><h3 id="m0">com.simplilearn.testngselenium.FacebookTest#login</h3><table class="result"><tr><th>Exception</th></tr><tr><td><div class="stacktrace">org.openqa.selenium.NoSuchElementException: no such element: Unable to locate element: {&quot;method&quot;:&quot;css selector&quot;,&quot;selector&quot;:&quot;#email&quot;}
  (Session info: chrome=99.0.4844.51)
For documentation on this error, please visit: https://selenium.dev/exceptions/#no_such_element
Build info: version: &apos;4.1.2&apos;, revision: &apos;9a5a329c5a&apos;
System info: host: &apos;LAPTOP-LS49HAC0&apos;, ip: &apos;192.168.43.116&apos;, os.name: &apos;Windows 10&apos;, os.arch: &apos;amd64&apos;, os.version: &apos;10.0&apos;, java.version: &apos;1.8.0_202&apos;
Driver info: org.openqa.selenium.chrome.ChromeDriver
Command: [a3c50c6bd38879b8c208628030fa8d05, findElement {using=id, value=email}]
Capabilities {acceptInsecureCerts: false, browserName: chrome, browserVersion: 99.0.4844.51, chrome: {chromedriverVersion: 99.0.4844.51 (d537ec02474b5..., userDataDir: C:\Users\HP\AppData\Local\T...}, goog:chromeOptions: {debuggerAddress: localhost:51257}, javascriptEnabled: true, networkConnectionEnabled: false, pageLoadStrategy: normal, platform: WINDOWS, platformName: WINDOWS, proxy: Proxy(), se:cdp: ws://localhost:51257/devtoo..., se:cdpVersion: 99.0.4844.51, setWindowRect: true, strictFileInteractability: false, timeouts: {implicit: 0, pageLoad: 300000, script: 30000}, unhandledPromptBehavior: dismiss and notify, webauthn:extension:credBlob: true, webauthn:extension:largeBlob: true, webauthn:virtualAuthenticators: true}
Session ID: a3c50c6bd38879b8c208628030fa8d05
	at org.openqa.selenium.remote.codec.w3c.W3CHttpResponseCodec.createException(W3CHttpResponseCodec.java:200)
	at org.openqa.selenium.remote.codec.w3c.W3CHttpResponseCodec.decode(W3CHttpResponseCodec.java:133)
	at org.openqa.selenium.remote.codec.w3c.W3CHttpResponseCodec.decode(W3CHttpResponseCodec.java:53)
	at org.openqa.selenium.remote.HttpCommandExecutor.execute(HttpCommandExecutor.java:184)
	at org.openqa.selenium.remote.service.DriverCommandExecutor.invokeExecute(DriverCommandExecutor.java:167)
	at org.openqa.selenium.remote.service.DriverCommandExecutor.execute(DriverCommandExecutor.java:142)
	at org.openqa.selenium.remote.RemoteWebDriver.execute(RemoteWebDriver.java:558)
	at org.openqa.selenium.remote.ElementLocation$ElementFinder$2.findElement(ElementLocation.java:162)
	at org.openqa.selenium.remote.ElementLocation.findElement(ElementLocation.java:66)
	at org.openqa.selenium.remote.RemoteWebDriver.findElement(RemoteWebDriver.java:382)
	at org.openqa.selenium.remote.RemoteWebDriver.findElement(RemoteWebDriver.java:374)
	at com.simplilearn.testngselenium.FacebookTest.login(FacebookTest.java:34)
	at java.util.concurrent.ThreadPoolExecutor.runWorker(ThreadPoolExecutor.java:1149)
	at java.util.concurrent.ThreadPoolExecutor$Worker.run(ThreadPoolExecutor.java:624)
	at java.lang.Thread.run(Thread.java:748)
... Removed 16 stack frames</div></td></tr></table><p class="totop"><a href="#summary">back to summary</a></p>
<h3 id="m1">com.simplilearn.testngselenium.GroupTest#launchFireFox</h3><table class="result"><tr><th>Exception</th></tr><tr><td><div class="stacktrace">org.openqa.selenium.WebDriverException: Cannot find firefox binary in PATH. Make sure firefox is installed. OS appears to be: WIN10
Build info: version: &apos;4.1.2&apos;, revision: &apos;9a5a329c5a&apos;
System info: host: &apos;LAPTOP-LS49HAC0&apos;, ip: &apos;192.168.43.116&apos;, os.name: &apos;Windows 10&apos;, os.arch: &apos;amd64&apos;, os.version: &apos;10.0&apos;, java.version: &apos;1.8.0_202&apos;
Driver info: driver.version: FirefoxDriver
	at org.openqa.selenium.firefox.FirefoxBinary.&lt;init&gt;(FirefoxBinary.java:95)
	at java.util.Optional.orElseGet(Optional.java:267)
	at org.openqa.selenium.firefox.FirefoxOptions.getBinary(FirefoxOptions.java:189)
	at org.openqa.selenium.firefox.GeckoDriverService$Builder.withOptions(GeckoDriverService.java:179)
	at org.openqa.selenium.firefox.FirefoxDriver.toExecutor(FirefoxDriver.java:176)
	at org.openqa.selenium.firefox.FirefoxDriver.&lt;init&gt;(FirefoxDriver.java:125)
	at org.openqa.selenium.firefox.FirefoxDriver.&lt;init&gt;(FirefoxDriver.java:106)
	at com.simplilearn.testngselenium.GroupTest.launchFireFox(GroupTest.java:40)
	at java.util.concurrent.ThreadPoolExecutor.runWorker(ThreadPoolExecutor.java:1149)
	at java.util.concurrent.ThreadPoolExecutor$Worker.run(ThreadPoolExecutor.java:624)
	at java.lang.Thread.run(Thread.java:748)
... Removed 12 stack frames</div></td></tr></table><p class="totop"><a href="#summary">back to summary</a></p>
<h3 id="m2">com.simplilearn.testngselenium.GroupTest#loginWithFirefox</h3><table class="result"><tr><th>Exception</th></tr><tr><td><div class="stacktrace">java.lang.Throwable: Method GroupTest.loginWithFirefox()[pri:0, instance:com.simplilearn.testngselenium.GroupTest@51c8530f] depends on not successfully finished methods
	at java.util.concurrent.ThreadPoolExecutor.runWorker(ThreadPoolExecutor.java:1149)
	at java.util.concurrent.ThreadPoolExecutor$Worker.run(ThreadPoolExecutor.java:624)
	at java.lang.Thread.run(Thread.java:748)
... Removed 3 stack frames</div></td></tr></table><p class="totop"><a href="#summary">back to summary</a></p>
<h3 id="m3">com.simplilearn.testngselenium.AssertionsDemo#login</h3><table class="result"><tr><th class="invisible"/></tr></table><p class="totop"><a href="#summary">back to summary</a></p>
<h3 id="m4">com.simplilearn.testngselenium.AssertionsDemo#titleTest</h3><table class="result"><tr><th class="invisible"/></tr></table><p class="totop"><a href="#summary">back to summary</a></p>
<h3 id="m5">com.simplilearn.testngselenium.FacebookTest#launchFb</h3><table class="result"><tr><th class="invisible"/></tr></table><p class="totop"><a href="#summary">back to summary</a></p>
<h3 id="m6">com.simplilearn.testngselenium.GroupTest#launchChrome</h3><table class="result"><tr><th class="invisible"/></tr></table><p class="totop"><a href="#summary">back to summary</a></p>
<h3 id="m7">com.simplilearn.testngselenium.GroupTest#login</h3><table class="result"><tr><th class="invisible"/></tr></table><p class="totop"><a href="#summary">back to summary</a></p>
<h3 id="m8">com.simplilearn.testngselenium.SimpleTestNG#method1</h3><table class="result"><tr><th class="invisible"/></tr></table><p class="totop"><a href="#summary">back to summary</a></p>
<h3 id="m9">com.simplilearn.testngselenium.SimpleTestNG#method2</h3><table class="result"><tr><th class="invisible"/></tr></table><p class="totop"><a href="#summary">back to summary</a></p>
<h3 id="m10">com.simplilearn.testngselenium.TestNG1#testTrue</h3><table class="result"><tr><th class="invisible"/></tr></table><p class="totop"><a href="#summary">back to summary</a></p>
</body>
</html>
